<?xml version="1.0" encoding="UTF-8"?>
<!-- Generated by org.testng.reporters.JUnitReportReporter -->
<testsuite hostname="DESKTOP-2SPM0O8" name="com.hari.selenium.parameters.ParameterTest" tests="1" failures="0" timestamp="5 Dec 2019 02:19:49 GMT" time="46.514" errors="0">
  <testcase name="testCustomerLoginAndLogout" time="46.514" classname="com.hari.selenium.parameters.ParameterTest"/>
</testsuite> <!-- com.hari.selenium.parameters.ParameterTest -->
